Feb 26, 2018 2:55:47 PM org.eclipse.birt.report.engine.script.internal.ScriptExecutor addException
WARNING: There are errors evaluating script "importPackage(Packages.com.ibm.tivoli.maximo.report.script);

mxReportScriptContext = MXReportScriptContext.initialize(reportContext);":
ReferenceError: "MXReportScriptContext" is not defined. (/report/method[@name="initialize"]#3)
org.eclipse.birt.report.engine.api.EngineException: There are errors evaluating script "importPackage(Packages.com.ibm.tivoli.maximo.report.script);

mxReportScriptContext = MXReportScriptContext.initialize(reportContext);":
ReferenceError: "MXReportScriptContext" is not defined. (/report/method[@name="initialize"]#3)
	at org.eclipse.birt.report.engine.script.internal.ScriptExecutor.addException(ScriptExecutor.java:249)
	at org.eclipse.birt.report.engine.script.internal.ReportScriptExecutor.handleInitialize(ReportScriptExecutor.java:93)
	at org.eclipse.birt.report.engine.api.impl.EngineTask.loadDesign(EngineTask.java:1962)
	at org.eclipse.birt.report.designer.data.ui.util.DummyEngineTask.run(DummyEngineTask.java:54)
	at org.eclipse.birt.report.designer.data.ui.dataset.ExternalUIUtil.updateColumnCache(ExternalUIUtil.java:106)
	at org.eclipse.birt.report.designer.data.ui.providers.DefaultDataServiceProvider.updateColumnCache(DefaultDataServiceProvider.java:114)
	at org.eclipse.birt.report.designer.internal.ui.data.DataService.updateColumnCache(DataService.java:140)
	at org.eclipse.birt.report.designer.data.ui.dataset.DataSetUIUtil.updateColumnCache(DataSetUIUtil.java:99)
	at org.eclipse.birt.report.designer.data.ui.dataset.DataSetEditor.okPressed(DataSetEditor.java:687)
	at org.eclipse.birt.report.designer.data.ui.property.AbstractPropertyDialog.buttonPressed(AbstractPropertyDialog.java:650)
	at org.eclipse.jface.dialogs.Dialog$2.widgetSelected(Dialog.java:628)
	at org.eclipse.swt.widgets.TypedListener.handleEvent(TypedListener.java:248)
	at org.eclipse.swt.widgets.EventTable.sendEvent(EventTable.java:84)
	at org.eclipse.swt.widgets.Widget.sendEvent(Widget.java:1057)
	at org.eclipse.swt.widgets.Display.runDeferredEvents(Display.java:4170)
	at org.eclipse.swt.widgets.Display.readAndDispatch(Display.java:3759)
	at org.eclipse.jface.window.Window.runEventLoop(Window.java:826)
	at org.eclipse.jface.window.Window.open(Window.java:802)
	at org.eclipse.birt.report.designer.ui.dialogs.BaseDialog.open(BaseDialog.java:111)
	at org.eclipse.birt.report.designer.data.ui.providers.EditableDataSetNodeProvider.performEdit(EditableDataSetNodeProvider.java:102)
	at org.eclipse.birt.report.designer.internal.ui.views.DefaultNodeProvider.performRequest(DefaultNodeProvider.java:472)
	at org.eclipse.birt.report.designer.internal.ui.views.actions.EditAction.doAction(EditAction.java:85)
	at org.eclipse.birt.report.designer.internal.ui.views.actions.AbstractElementAction.run(AbstractElementAction.java:70)
	at org.eclipse.birt.report.designer.internal.ui.views.RenameListener.doubleClick(RenameListener.java:214)
	at org.eclipse.jface.viewers.StructuredViewer$1.run(StructuredViewer.java:845)
	at org.eclipse.core.runtime.SafeRunner.run(SafeRunner.java:42)
	at org.eclipse.ui.internal.JFaceUtil$1.run(JFaceUtil.java:49)
	at org.eclipse.jface.util.SafeRunnable.run(SafeRunnable.java:175)
	at org.eclipse.jface.viewers.StructuredViewer.fireDoubleClick(StructuredViewer.java:843)
	at org.eclipse.jface.viewers.AbstractTreeViewer.handleDoubleSelect(AbstractTreeViewer.java:1477)
	at org.eclipse.jface.viewers.StructuredViewer$4.widgetDefaultSelected(StructuredViewer.java:1246)
	at org.eclipse.jface.util.OpenStrategy.fireDefaultSelectionEvent(OpenStrategy.java:249)
	at org.eclipse.jface.util.OpenStrategy.access$0(OpenStrategy.java:246)
	at org.eclipse.jface.util.OpenStrategy$1.handleEvent(OpenStrategy.java:307)
	at org.eclipse.swt.widgets.EventTable.sendEvent(EventTable.java:84)
	at org.eclipse.swt.widgets.Widget.sendEvent(Widget.java:1057)
	at org.eclipse.swt.widgets.Display.runDeferredEvents(Display.java:4170)
	at org.eclipse.swt.widgets.Display.readAndDispatch(Display.java:3759)
	at org.eclipse.e4.ui.internal.workbench.swt.PartRenderingEngine$9.run(PartRenderingEngine.java:1113)
	at org.eclipse.core.databinding.observable.Realm.runWithDefault(Realm.java:332)
	at org.eclipse.e4.ui.internal.workbench.swt.PartRenderingEngine.run(PartRenderingEngine.java:997)
	at org.eclipse.e4.ui.internal.workbench.E4Workbench.createAndRunUI(E4Workbench.java:138)
	at org.eclipse.ui.internal.Workbench$5.run(Workbench.java:610)
	at org.eclipse.core.databinding.observable.Realm.runWithDefault(Realm.java:332)
	at org.eclipse.ui.internal.Workbench.createAndRunWorkbench(Workbench.java:567)
	at org.eclipse.ui.PlatformUI.createAndRunWorkbench(PlatformUI.java:150)
	at org.eclipse.ui.internal.ide.application.IDEApplication.start(IDEApplication.java:124)
	at org.eclipse.equinox.internal.app.EclipseAppHandle.run(EclipseAppHandle.java:196)
	at org.eclipse.core.runtime.internal.adaptor.EclipseAppLauncher.runApplication(EclipseAppLauncher.java:110)
	at org.eclipse.core.runtime.internal.adaptor.EclipseAppLauncher.start(EclipseAppLauncher.java:79)
	at org.eclipse.core.runtime.adaptor.EclipseStarter.run(EclipseStarter.java:354)
	at org.eclipse.core.runtime.adaptor.EclipseStarter.run(EclipseStarter.java:181)
	at sun.reflect.NativeMethodAccessorImpl.invoke0(Native Method)
	at sun.reflect.NativeMethodAccessorImpl.invoke(NativeMethodAccessorImpl.java:62)
	at sun.reflect.DelegatingMethodAccessorImpl.invoke(DelegatingMethodAccessorImpl.java:43)
	at java.lang.reflect.Method.invoke(Method.java:498)
	at org.eclipse.equinox.launcher.Main.invokeFramework(Main.java:636)
	at org.eclipse.equinox.launcher.Main.basicRun(Main.java:591)
	at org.eclipse.equinox.launcher.Main.run(Main.java:1450)
	at org.eclipse.equinox.launcher.Main.main(Main.java:1426)
Caused by: org.eclipse.birt.core.exception.CoreException: There are errors evaluating script "importPackage(Packages.com.ibm.tivoli.maximo.report.script);

mxReportScriptContext = MXReportScriptContext.initialize(reportContext);":
ReferenceError: "MXReportScriptContext" is not defined. (/report/method[@name="initialize"]#3)
	at org.eclipse.birt.report.engine.javascript.JavascriptEngine.evaluate(JavascriptEngine.java:295)
	at org.eclipse.birt.core.script.ScriptContext.evaluate(ScriptContext.java:159)
	at org.eclipse.birt.report.engine.executor.ExecutionContext.evaluate(ExecutionContext.java:789)
	at org.eclipse.birt.report.engine.executor.ExecutionContext.evaluate(ExecutionContext.java:718)
	at org.eclipse.birt.report.engine.script.internal.ScriptExecutor.handleScriptInternal(ScriptExecutor.java:118)
	at org.eclipse.birt.report.engine.script.internal.ScriptExecutor.handleScript(ScriptExecutor.java:105)
	at org.eclipse.birt.report.engine.script.internal.ReportScriptExecutor.handleInitialize(ReportScriptExecutor.java:84)
	... 58 more
Caused by: org.mozilla.javascript.EcmaError: ReferenceError: "MXReportScriptContext" is not defined. (/report/method[@name="initialize"]#3)
	at org.mozilla.javascript.ScriptRuntime.constructError(ScriptRuntime.java:3654)
	at org.mozilla.javascript.ScriptRuntime.constructError(ScriptRuntime.java:3632)
	at org.mozilla.javascript.ScriptRuntime.notFoundError(ScriptRuntime.java:3717)
	at org.mozilla.javascript.ScriptRuntime.nameOrFunction(ScriptRuntime.java:1758)
	at org.mozilla.javascript.ScriptRuntime.name(ScriptRuntime.java:1697)
	at org.mozilla.javascript.gen.c25._c0(/report/method[@name="initialize"]:3)
	at org.mozilla.javascript.gen.c25.call(/report/method[@name="initialize"])
	at org.mozilla.javascript.ContextFactory.doTopCall(ContextFactory.java:398)
	at org.mozilla.javascript.ScriptRuntime.doTopCall(ScriptRuntime.java:3065)
	at org.mozilla.javascript.gen.c25.call(/report/method[@name="initialize"])
	at org.mozilla.javascript.gen.c25.exec(/report/method[@name="initialize"])
	at org.eclipse.birt.report.engine.javascript.JavascriptEngine.evaluate(JavascriptEngine.java:290)
	... 64 more

