Feb 25, 2018 9:09:23 PM org.eclipse.birt.report.engine.script.internal.ScriptExecutor addException
WARNING: There are errors evaluating script "importPackage(Packages.com.ibm.tivoli.maximo.report.script);

mxReportScriptContext = MXReportScriptContext.initialize(reportContext);":
ReferenceError: "MXReportScriptContext" is not defined. (/report/method[@name="initialize"]#3)
org.eclipse.birt.report.engine.api.EngineException: There are errors evaluating script "importPackage(Packages.com.ibm.tivoli.maximo.report.script);

mxReportScriptContext = MXReportScriptContext.initialize(reportContext);":
ReferenceError: "MXReportScriptContext" is not defined. (/report/method[@name="initialize"]#3)
	at org.eclipse.birt.report.engine.script.internal.ScriptExecutor.addException(ScriptExecutor.java:249)
	at org.eclipse.birt.report.engine.script.internal.ReportScriptExecutor.handleInitialize(ReportScriptExecutor.java:93)
	at org.eclipse.birt.report.engine.api.impl.EngineTask.loadDesign(EngineTask.java:1962)
	at org.eclipse.birt.report.designer.data.ui.util.DummyEngineTask.run(DummyEngineTask.java:54)
	at org.eclipse.birt.report.designer.data.ui.dataset.ExternalUIUtil.updateColumnCache(ExternalUIUtil.java:106)
	at org.eclipse.birt.report.designer.data.ui.providers.DefaultDataServiceProvider.updateColumnCache(DefaultDataServiceProvider.java:114)
	at org.eclipse.birt.report.designer.internal.ui.data.DataService.updateColumnCache(DataService.java:140)
	at org.eclipse.birt.report.designer.data.ui.dataset.DataSetUIUtil.updateColumnCache(DataSetUIUtil.java:99)
	at org.eclipse.birt.report.designer.data.ui.dataset.DataSetUIUtil.getCachedMetaDataHandle(DataSetUIUtil.java:182)
	at org.eclipse.birt.report.designer.internal.ui.views.data.providers.DataSetNodeProvider.getChildren(DataSetNodeProvider.java:91)
	at org.eclipse.birt.report.designer.internal.ui.views.ViewsTreeProvider.getChildren(ViewsTreeProvider.java:41)
	at org.eclipse.jface.viewers.AbstractTreeViewer.getRawChildren(AbstractTreeViewer.java:1374)
	at org.eclipse.jface.viewers.TreeViewer.getRawChildren(TreeViewer.java:391)
	at org.eclipse.jface.viewers.StructuredViewer.getFilteredChildren(StructuredViewer.java:917)
	at org.eclipse.jface.viewers.AbstractTreeViewer.getSortedChildren(AbstractTreeViewer.java:620)
	at org.eclipse.jface.viewers.AbstractTreeViewer.updateChildren(AbstractTreeViewer.java:2645)
	at org.eclipse.jface.viewers.AbstractTreeViewer.internalRefreshStruct(AbstractTreeViewer.java:1923)
	at org.eclipse.jface.viewers.TreeViewer.internalRefreshStruct(TreeViewer.java:721)
	at org.eclipse.jface.viewers.AbstractTreeViewer.internalRefreshStruct(AbstractTreeViewer.java:1930)
	at org.eclipse.jface.viewers.TreeViewer.internalRefreshStruct(TreeViewer.java:721)
	at org.eclipse.jface.viewers.AbstractTreeViewer.internalRefreshStruct(AbstractTreeViewer.java:1930)
	at org.eclipse.jface.viewers.TreeViewer.internalRefreshStruct(TreeViewer.java:721)
	at org.eclipse.jface.viewers.AbstractTreeViewer.internalRefresh(AbstractTreeViewer.java:1898)
	at org.eclipse.jface.viewers.AbstractTreeViewer.internalRefresh(AbstractTreeViewer.java:1855)
	at org.eclipse.jface.viewers.AbstractTreeViewer.internalRefresh(AbstractTreeViewer.java:1841)
	at org.eclipse.jface.viewers.StructuredViewer$7.run(StructuredViewer.java:1508)
	at org.eclipse.jface.viewers.StructuredViewer.preservingSelection(StructuredViewer.java:1443)
	at org.eclipse.jface.viewers.TreeViewer.preservingSelection(TreeViewer.java:403)
	at org.eclipse.jface.viewers.StructuredViewer.preservingSelection(StructuredViewer.java:1404)
	at org.eclipse.jface.viewers.StructuredViewer.refresh(StructuredViewer.java:1506)
	at org.eclipse.jface.viewers.ColumnViewer.refresh(ColumnViewer.java:544)
	at org.eclipse.jface.viewers.StructuredViewer.refresh(StructuredViewer.java:1465)
	at org.eclipse.birt.report.designer.internal.ui.views.data.DataViewTreeViewerPage$8.run(DataViewTreeViewerPage.java:542)
	at org.eclipse.birt.report.designer.internal.ui.editors.schematic.editparts.AbstractModelEventProcessor.postElementEvent(AbstractModelEventProcessor.java:114)
	at org.eclipse.birt.report.designer.internal.ui.editors.parts.event.ModelEventManager.postModelEvent(ModelEventManager.java:142)
	at org.eclipse.birt.report.designer.internal.ui.editors.parts.event.ModelEventManager.postEvent(ModelEventManager.java:116)
	at org.eclipse.birt.report.designer.internal.ui.editors.parts.event.ModelEventManager.access$0(ModelEventManager.java:96)
	at org.eclipse.birt.report.designer.internal.ui.editors.parts.event.ModelEventManager$1.stackChanged(ModelEventManager.java:58)
	at org.eclipse.birt.report.model.activity.ActivityStack.sendNotifcations(ActivityStack.java:886)
	at org.eclipse.birt.report.model.activity.ActivityStack.commit(ActivityStack.java:756)
	at org.eclipse.birt.report.model.command.PropertyCommand.setMember(PropertyCommand.java:1183)
	at org.eclipse.birt.report.model.api.MemberHandle.setValue(MemberHandle.java:98)
	at org.eclipse.birt.report.model.api.SimpleValueHandle.clearValue(SimpleValueHandle.java:422)
	at org.eclipse.birt.report.designer.data.ui.dataset.DataSetUIUtil.updateColumnCacheAfterCleanRs(DataSetUIUtil.java:77)
	at org.eclipse.birt.report.designer.internal.ui.views.actions.RefreshAction.run(RefreshAction.java:91)
	at org.eclipse.jface.action.Action.runWithEvent(Action.java:499)
	at org.eclipse.jface.action.ActionContributionItem.handleWidgetSelection(ActionContributionItem.java:584)
	at org.eclipse.jface.action.ActionContributionItem.access$2(ActionContributionItem.java:501)
	at org.eclipse.jface.action.ActionContributionItem$5.handleEvent(ActionContributionItem.java:411)
	at org.eclipse.swt.widgets.EventTable.sendEvent(EventTable.java:84)
	at org.eclipse.swt.widgets.Widget.sendEvent(Widget.java:1057)
	at org.eclipse.swt.widgets.Display.runDeferredEvents(Display.java:4170)
	at org.eclipse.swt.widgets.Display.readAndDispatch(Display.java:3759)
	at org.eclipse.e4.ui.internal.workbench.swt.PartRenderingEngine$9.run(PartRenderingEngine.java:1113)
	at org.eclipse.core.databinding.observable.Realm.runWithDefault(Realm.java:332)
	at org.eclipse.e4.ui.internal.workbench.swt.PartRenderingEngine.run(PartRenderingEngine.java:997)
	at org.eclipse.e4.ui.internal.workbench.E4Workbench.createAndRunUI(E4Workbench.java:138)
	at org.eclipse.ui.internal.Workbench$5.run(Workbench.java:610)
	at org.eclipse.core.databinding.observable.Realm.runWithDefault(Realm.java:332)
	at org.eclipse.ui.internal.Workbench.createAndRunWorkbench(Workbench.java:567)
	at org.eclipse.ui.PlatformUI.createAndRunWorkbench(PlatformUI.java:150)
	at org.eclipse.ui.internal.ide.application.IDEApplication.start(IDEApplication.java:124)
	at org.eclipse.equinox.internal.app.EclipseAppHandle.run(EclipseAppHandle.java:196)
	at org.eclipse.core.runtime.internal.adaptor.EclipseAppLauncher.runApplication(EclipseAppLauncher.java:110)
	at org.eclipse.core.runtime.internal.adaptor.EclipseAppLauncher.start(EclipseAppLauncher.java:79)
	at org.eclipse.core.runtime.adaptor.EclipseStarter.run(EclipseStarter.java:354)
	at org.eclipse.core.runtime.adaptor.EclipseStarter.run(EclipseStarter.java:181)
	at sun.reflect.NativeMethodAccessorImpl.invoke0(Native Method)
	at sun.reflect.NativeMethodAccessorImpl.invoke(Unknown Source)
	at sun.reflect.DelegatingMethodAccessorImpl.invoke(Unknown Source)
	at java.lang.reflect.Method.invoke(Unknown Source)
	at org.eclipse.equinox.launcher.Main.invokeFramework(Main.java:636)
	at org.eclipse.equinox.launcher.Main.basicRun(Main.java:591)
	at org.eclipse.equinox.launcher.Main.run(Main.java:1450)
Caused by: org.eclipse.birt.core.exception.CoreException: There are errors evaluating script "importPackage(Packages.com.ibm.tivoli.maximo.report.script);

mxReportScriptContext = MXReportScriptContext.initialize(reportContext);":
ReferenceError: "MXReportScriptContext" is not defined. (/report/method[@name="initialize"]#3)
	at org.eclipse.birt.report.engine.javascript.JavascriptEngine.evaluate(JavascriptEngine.java:295)
	at org.eclipse.birt.core.script.ScriptContext.evaluate(ScriptContext.java:159)
	at org.eclipse.birt.report.engine.executor.ExecutionContext.evaluate(ExecutionContext.java:789)
	at org.eclipse.birt.report.engine.executor.ExecutionContext.evaluate(ExecutionContext.java:718)
	at org.eclipse.birt.report.engine.script.internal.ScriptExecutor.handleScriptInternal(ScriptExecutor.java:118)
	at org.eclipse.birt.report.engine.script.internal.ScriptExecutor.handleScript(ScriptExecutor.java:105)
	at org.eclipse.birt.report.engine.script.internal.ReportScriptExecutor.handleInitialize(ReportScriptExecutor.java:84)
	... 72 more
Caused by: org.mozilla.javascript.EcmaError: ReferenceError: "MXReportScriptContext" is not defined. (/report/method[@name="initialize"]#3)
	at org.mozilla.javascript.ScriptRuntime.constructError(ScriptRuntime.java:3654)
	at org.mozilla.javascript.ScriptRuntime.constructError(ScriptRuntime.java:3632)
	at org.mozilla.javascript.ScriptRuntime.notFoundError(ScriptRuntime.java:3717)
	at org.mozilla.javascript.ScriptRuntime.nameOrFunction(ScriptRuntime.java:1758)
	at org.mozilla.javascript.ScriptRuntime.name(ScriptRuntime.java:1697)
	at org.mozilla.javascript.gen.c40._c0(/report/method[@name="initialize"]:3)
	at org.mozilla.javascript.gen.c40.call(/report/method[@name="initialize"])
	at org.mozilla.javascript.ContextFactory.doTopCall(ContextFactory.java:398)
	at org.mozilla.javascript.ScriptRuntime.doTopCall(ScriptRuntime.java:3065)
	at org.mozilla.javascript.gen.c40.call(/report/method[@name="initialize"])
	at org.mozilla.javascript.gen.c40.exec(/report/method[@name="initialize"])
	at org.eclipse.birt.report.engine.javascript.JavascriptEngine.evaluate(JavascriptEngine.java:290)
	... 78 more

